{"ts": "2025-11-01 12:38:18", "event": "DETAIL_START", "url": "https://www.ydp.go.kr/www/selectBbsNttView.do?bbsNo=31&nttNo=406769&&pageUnit=10&key=2814&pageIndex=1"}
{"ts": "2025-11-01 12:38:19", "event": "DETAIL_START", "url": "https://www.ydp.go.kr/www/selectBbsNttView.do?bbsNo=31&nttNo=406763&&pageUnit=10&key=2814&pageIndex=1"}
{"ts": "2025-11-01 12:38:19", "event": "DETAIL_START", "url": "https://www.ydp.go.kr/www/selectBbsNttView.do?bbsNo=31&nttNo=406760&&pageUnit=10&key=2814&pageIndex=1"}
{"ts": "2025-11-01 12:38:19", "event": "DETAIL_START", "url": "https://www.ydp.go.kr/www/selectBbsNttView.do?bbsNo=31&nttNo=406765&&pageUnit=10&key=2814&pageIndex=1"}
{"ts": "2025-11-01 12:38:19", "event": "DETAIL_START", "url": "https://www.ydp.go.kr/www/selectBbsNttView.do?bbsNo=31&nttNo=405984&&pageUnit=10&key=2814&pageIndex=1"}
{"ts": "2025-11-01 12:38:19", "event": "DETAIL_START", "url": "https://www.ydp.go.kr/www/selectBbsNttView.do?bbsNo=31&nttNo=406446&&pageUnit=10&key=2814&pageIndex=1"}
{"ts": "2025-11-01 12:38:19", "event": "DETAIL_START", "url": "https://www.ydp.go.kr/www/selectBbsNttView.do?bbsNo=31&nttNo=405818&&pageUnit=10&key=2814&pageIndex=1"}
{"ts": "2025-11-01 12:38:19", "event": "DETAIL_START", "url": "https://www.ydp.go.kr/www/selectBbsNttView.do?bbsNo=31&nttNo=406706&&pageUnit=10&key=2814&pageIndex=1"}
{"ts": "2025-11-01 12:38:19", "event": "DETAIL_START", "url": "https://www.ydp.go.kr/www/selectBbsNttView.do?bbsNo=31&nttNo=405775&&pageUnit=10&key=2814&pageIndex=1"}
{"ts": "2025-11-01 12:38:19", "event": "DETAIL_START", "url": "https://www.ydp.go.kr/www/selectBbsNttView.do?bbsNo=31&nttNo=405783&&pageUnit=10&key=2814&pageIndex=1"}
{"ts": "2025-11-01 12:39:11", "event": "API_SAVE_FAIL", "mode": "api", "url": "https://www.ydp.go.kr/www/downloadBbsFileStr.do?bbsNo=31&atchmnflStr=BXUS2SGGUSOMXPVEVFC2UPJGS6H2JL7XWONLXMAALP5LH2M5ZQUQ_AILO"}
{"ts": "2025-11-01 12:39:11", "event": "SAVE_SKIP", "mode": "browser", "url": "https://www.ydp.go.kr/www/downloadBbsFileStr.do?bbsNo=31&atchmnflStr=BXUS2SGGUSOMXPVEVFC2UPJGS6H2JL7XWONLXMAALP5LH2M5ZQUQ_AILO", "filename": "업무추진비 공개（도림동）.pdf", "reason": "exists"}
{"ts": "2025-11-01 12:39:11", "event": "DETAIL_DONE", "url": "https://www.ydp.go.kr/www/selectBbsNttView.do?bbsNo=31&nttNo=406769&&pageUnit=10&key=2814&pageIndex=1", "success": false}
{"ts": "2025-11-01 12:39:11", "event": "API_SAVE_FAIL", "mode": "api", "url": "https://www.ydp.go.kr/www/downloadBbsFileStr.do?bbsNo=31&atchmnflStr=ORSFF2KDY5OY4DBD2MZVT33X47N4WS6PYR2ZVR6DEBWW7XLE56TQ_AILO"}
{"ts": "2025-11-01 12:39:11", "event": "SAVE_SKIP", "mode": "browser", "url": "https://www.ydp.go.kr/www/downloadBbsFileStr.do?bbsNo=31&atchmnflStr=ORSFF2KDY5OY4DBD2MZVT33X47N4WS6PYR2ZVR6DEBWW7XLE56TQ_AILO", "filename": "업무추진비 공개 서식（2025년 10월）.pdf", "reason": "exists"}
{"ts": "2025-11-01 12:39:11", "event": "DETAIL_DONE", "url": "https://www.ydp.go.kr/www/selectBbsNttView.do?bbsNo=31&nttNo=406765&&pageUnit=10&key=2814&pageIndex=1", "success": false}
{"ts": "2025-11-01 12:39:36", "event": "API_SAVE_FAIL", "mode": "api", "url": "https://www.ydp.go.kr/www/downloadBbsFileStr.do?bbsNo=31&atchmnflStr=KE7NSNW4ISSYTG4QLGKB3AGNDJOF4NFVXV755JGTA3TIO56D2VPQ_AILO"}
{"ts": "2025-11-01 12:39:36", "event": "SAVE_SKIP", "mode": "browser", "url": "https://www.ydp.go.kr/www/downloadBbsFileStr.do?bbsNo=31&atchmnflStr=KE7NSNW4ISSYTG4QLGKB3AGNDJOF4NFVXV755JGTA3TIO56D2VPQ_AILO", "filename": "2025년 9월 업무추진비 집행내역.pdf", "reason": "exists"}
{"ts": "2025-11-01 12:39:36", "event": "DETAIL_DONE", "url": "https://www.ydp.go.kr/www/selectBbsNttView.do?bbsNo=31&nttNo=405775&&pageUnit=10&key=2814&pageIndex=1", "success": false}
{"ts": "2025-11-01 12:39:37", "event": "API_SAVE_FAIL", "mode": "api", "url": "https://www.ydp.go.kr/www/downloadBbsFileStr.do?bbsNo=31&atchmnflStr=I5O72Q65XDJOKLTXCXFJT2VRBYFB2AVW3LMFWUHOLR6JTZYUDNVQ_AILO"}
{"ts": "2025-11-01 12:39:37", "event": "SAVE_SKIP", "mode": "browser", "url": "https://www.ydp.go.kr/www/downloadBbsFileStr.do?bbsNo=31&atchmnflStr=I5O72Q65XDJOKLTXCXFJT2VRBYFB2AVW3LMFWUHOLR6JTZYUDNVQ_AILO", "filename": "지방소득세과_업무추진비_집행내역（2025년9월）.pdf", "reason": "exists"}
{"ts": "2025-11-01 12:39:37", "event": "DETAIL_DONE", "url": "https://www.ydp.go.kr/www/selectBbsNttView.do?bbsNo=31&nttNo=405818&&pageUnit=10&key=2814&pageIndex=1", "success": false}
{"ts": "2025-11-01 12:39:37", "event": "API_SAVE_FAIL", "mode": "api", "url": "https://www.ydp.go.kr/www/downloadBbsFileStr.do?bbsNo=31&atchmnflStr=74MURPCOEETIXOBLCURETRFXRGH2JL7XWONLXMAALP5LH2M5ZQUQ_AILO"}
{"ts": "2025-11-01 12:39:37", "event": "SAVE_SKIP", "mode": "browser", "url": "https://www.ydp.go.kr/www/downloadBbsFileStr.do?bbsNo=31&atchmnflStr=74MURPCOEETIXOBLCURETRFXRGH2JL7XWONLXMAALP5LH2M5ZQUQ_AILO", "filename": "업무추진비 집행내역（25.10.）.pdf", "reason": "exists"}
{"ts": "2025-11-01 12:39:37", "event": "DETAIL_DONE", "url": "https://www.ydp.go.kr/www/selectBbsNttView.do?bbsNo=31&nttNo=406706&&pageUnit=10&key=2814&pageIndex=1", "success": false}
{"ts": "2025-11-01 12:39:37", "event": "API_SAVE_FAIL", "mode": "api", "url": "https://www.ydp.go.kr/www/downloadBbsFileStr.do?bbsNo=31&atchmnflStr=AJL4OZK3RSJM6QT7SDJNIKLNFFLJ7WNICBSAKLHA6KEEGGCMRVGQ_AILO"}
{"ts": "2025-11-01 12:39:37", "event": "SAVE_SKIP", "mode": "browser", "url": "https://www.ydp.go.kr/www/downloadBbsFileStr.do?bbsNo=31&atchmnflStr=AJL4OZK3RSJM6QT7SDJNIKLNFFLJ7WNICBSAKLHA6KEEGGCMRVGQ_AILO", "filename": "2025년 9월 업무추진비 집행내역（양평1동） .pdf", "reason": "exists"}
{"ts": "2025-11-01 12:39:37", "event": "DETAIL_DONE", "url": "https://www.ydp.go.kr/www/selectBbsNttView.do?bbsNo=31&nttNo=405783&&pageUnit=10&key=2814&pageIndex=1", "success": false}
{"ts": "2025-11-01 12:39:56", "event": "API_SAVE_FAIL", "mode": "api", "url": "https://www.ydp.go.kr/www/downloadBbsFileStr.do?bbsNo=31&atchmnflStr=VJVLRFGR4N4FOLOZNCFWQVF2N347WROCZMW22GCUKGE7CMVYIUNA_AILO"}
{"ts": "2025-11-01 12:39:56", "event": "SAVE_SKIP", "mode": "browser", "url": "https://www.ydp.go.kr/www/downloadBbsFileStr.do?bbsNo=31&atchmnflStr=VJVLRFGR4N4FOLOZNCFWQVF2N347WROCZMW22GCUKGE7CMVYIUNA_AILO", "filename": "업무추진비 사용내역（10월）.pdf", "reason": "exists"}
{"ts": "2025-11-01 12:39:56", "event": "DETAIL_DONE", "url": "https://www.ydp.go.kr/www/selectBbsNttView.do?bbsNo=31&nttNo=406763&&pageUnit=10&key=2814&pageIndex=1", "success": false}
{"ts": "2025-11-01 12:39:59", "event": "DETAIL_START", "url": "https://assembly.dongjak.go.kr/kr/costBBSview.do?uid=036B051E7508EFCE254B6BA65D5B7AF4&schwrd=&flag=all&page=1&list_style="}
{"ts": "2025-11-01 12:40:12", "event": "SAVE_SKIP", "mode": "viewer", "viewer_url": "https://assembly.dongjak.go.kr/viewer/pdf.do?group=bbs&uid=62678", "filename": "9월_의장단 업무추진비 집행내역_수합_.pdf", "reason": "exists"}
{"ts": "2025-11-01 12:40:12", "event": "DETAIL_DONE", "url": "https://assembly.dongjak.go.kr/kr/costBBSview.do?uid=036B051E7508EFCE254B6BA65D5B7AF4&schwrd=&flag=all&page=1&list_style=", "success": false}
{"ts": "2025-11-01 12:40:21", "event": "DETAIL_START", "url": "https://www.ddm.go.kr/www/selectBbsNttView.do?key=565&bbsNo=160&nttNo=178125&searchCtgry=&searchCnd=all&searchKrwd=&integrDeptCode=&pageIndex=1"}
{"ts": "2025-11-01 12:40:21", "event": "DETAIL_START", "url": "https://www.ddm.go.kr/www/selectBbsNttView.do?key=565&bbsNo=160&nttNo=178061&searchCtgry=&searchCnd=all&searchKrwd=&integrDeptCode=&pageIndex=1"}
{"ts": "2025-11-01 12:40:21", "event": "DETAIL_START", "url": "https://www.ddm.go.kr/www/selectBbsNttView.do?key=565&bbsNo=160&nttNo=177639&searchCtgry=&searchCnd=all&searchKrwd=&integrDeptCode=&pageIndex=1"}
{"ts": "2025-11-01 12:40:21", "event": "DETAIL_START", "url": "https://www.ddm.go.kr/www/selectBbsNttView.do?key=565&bbsNo=160&nttNo=177687&searchCtgry=&searchCnd=all&searchKrwd=&integrDeptCode=&pageIndex=1"}
{"ts": "2025-11-01 12:40:21", "event": "DETAIL_START", "url": "https://www.ddm.go.kr/www/selectBbsNttView.do?key=565&bbsNo=160&nttNo=177724&searchCtgry=&searchCnd=all&searchKrwd=&integrDeptCode=&pageIndex=1"}
{"ts": "2025-11-01 12:40:21", "event": "DETAIL_START", "url": "https://www.ddm.go.kr/www/selectBbsNttView.do?key=565&bbsNo=160&nttNo=177642&searchCtgry=&searchCnd=all&searchKrwd=&integrDeptCode=&pageIndex=1"}
{"ts": "2025-11-01 12:40:21", "event": "DETAIL_START", "url": "https://www.ddm.go.kr/www/selectBbsNttView.do?key=565&bbsNo=160&nttNo=177644&searchCtgry=&searchCnd=all&searchKrwd=&integrDeptCode=&pageIndex=1"}
{"ts": "2025-11-01 12:40:21", "event": "DETAIL_START", "url": "https://www.ddm.go.kr/www/selectBbsNttView.do?key=565&bbsNo=160&nttNo=177841&searchCtgry=&searchCnd=all&searchKrwd=&integrDeptCode=&pageIndex=1"}
{"ts": "2025-11-01 12:40:21", "event": "DETAIL_START", "url": "https://www.ddm.go.kr/www/selectBbsNttView.do?key=565&bbsNo=160&nttNo=177719&searchCtgry=&searchCnd=all&searchKrwd=&integrDeptCode=&pageIndex=1"}
{"ts": "2025-11-01 12:40:21", "event": "DETAIL_START", "url": "https://www.ddm.go.kr/www/selectBbsNttView.do?key=565&bbsNo=160&nttNo=177636&searchCtgry=&searchCnd=all&searchKrwd=&integrDeptCode=&pageIndex=1"}
{"ts": "2025-11-01 12:40:23", "event": "DETAIL_DONE", "url": "https://www.ddm.go.kr/www/selectBbsNttView.do?key=565&bbsNo=160&nttNo=177724&searchCtgry=&searchCnd=all&searchKrwd=&integrDeptCode=&pageIndex=1", "success": false}
{"ts": "2025-11-01 12:40:23", "event": "DETAIL_DONE", "url": "https://www.ddm.go.kr/www/selectBbsNttView.do?key=565&bbsNo=160&nttNo=177642&searchCtgry=&searchCnd=all&searchKrwd=&integrDeptCode=&pageIndex=1", "success": false}
{"ts": "2025-11-01 12:40:23", "event": "DETAIL_DONE", "url": "https://www.ddm.go.kr/www/selectBbsNttView.do?key=565&bbsNo=160&nttNo=177639&searchCtgry=&searchCnd=all&searchKrwd=&integrDeptCode=&pageIndex=1", "success": false}
{"ts": "2025-11-01 12:40:23", "event": "DETAIL_DONE", "url": "https://www.ddm.go.kr/www/selectBbsNttView.do?key=565&bbsNo=160&nttNo=178125&searchCtgry=&searchCnd=all&searchKrwd=&integrDeptCode=&pageIndex=1", "success": false}
{"ts": "2025-11-01 12:40:23", "event": "DETAIL_DONE", "url": "https://www.ddm.go.kr/www/selectBbsNttView.do?key=565&bbsNo=160&nttNo=177636&searchCtgry=&searchCnd=all&searchKrwd=&integrDeptCode=&pageIndex=1", "success": false}
{"ts": "2025-11-01 12:40:25", "event": "DETAIL_DONE", "url": "https://www.ddm.go.kr/www/selectBbsNttView.do?key=565&bbsNo=160&nttNo=177687&searchCtgry=&searchCnd=all&searchKrwd=&integrDeptCode=&pageIndex=1", "success": false}
{"ts": "2025-11-01 12:40:25", "event": "DETAIL_DONE", "url": "https://www.ddm.go.kr/www/selectBbsNttView.do?key=565&bbsNo=160&nttNo=178061&searchCtgry=&searchCnd=all&searchKrwd=&integrDeptCode=&pageIndex=1", "success": false}
{"ts": "2025-11-01 12:40:26", "event": "DETAIL_DONE", "url": "https://www.ddm.go.kr/www/selectBbsNttView.do?key=565&bbsNo=160&nttNo=177644&searchCtgry=&searchCnd=all&searchKrwd=&integrDeptCode=&pageIndex=1", "success": false}
{"ts": "2025-11-01 12:40:27", "event": "DETAIL_DONE", "url": "https://www.ddm.go.kr/www/selectBbsNttView.do?key=565&bbsNo=160&nttNo=177841&searchCtgry=&searchCnd=all&searchKrwd=&integrDeptCode=&pageIndex=1", "success": false}
{"ts": "2025-11-01 12:40:27", "event": "DETAIL_DONE", "url": "https://www.ddm.go.kr/www/selectBbsNttView.do?key=565&bbsNo=160&nttNo=177719&searchCtgry=&searchCnd=all&searchKrwd=&integrDeptCode=&pageIndex=1", "success": false}
{"ts": "2025-11-01 12:40:30", "event": "DETAIL_START", "url": "https://www.yscl.go.kr/kr/councilcostBBSview.do?uid=35C18E2553EFF70FF0AD1407B0A2D33E&schwrd=&flag=all&publish_sch=&page=1&list_style="}
{"ts": "2025-11-01 12:40:44", "event": "SAVE_SKIP", "mode": "viewer", "viewer_url": "https://www.yscl.go.kr/viewer/pdf.do?group=bbs&uid=142515", "filename": "교섭단체 대표의원(더불어민주당) 업무추진비 사용내역-9월.pdf", "reason": "exists"}
{"ts": "2025-11-01 12:40:45", "event": "SAVE_SKIP", "mode": "viewer", "viewer_url": "https://www.yscl.go.kr/viewer/pdf.do?group=bbs&uid=142516", "filename": "교섭단체대표의원(국민의힘) 업무추진비 사용내역-9월.pdf", "reason": "exists"}
{"ts": "2025-11-01 12:40:45", "event": "SAVE_SKIP", "mode": "viewer", "viewer_url": "https://www.yscl.go.kr/viewer/pdf.do?group=bbs&uid=142517", "filename": "복지도시위원장 업무추진비 사용내역(9월).pdf", "reason": "exists"}
{"ts": "2025-11-01 12:40:46", "event": "SAVE_SKIP", "mode": "viewer", "viewer_url": "https://www.yscl.go.kr/viewer/pdf.do?group=bbs&uid=142518", "filename": "부의장 업무추진비 사용내역(9월).pdf", "reason": "exists"}
{"ts": "2025-11-01 12:40:47", "event": "SAVE_SKIP", "mode": "viewer", "viewer_url": "https://www.yscl.go.kr/viewer/pdf.do?group=bbs&uid=142519", "filename": "운영위원장 업무추진비 사용내역(9월).pdf", "reason": "exists"}
{"ts": "2025-11-01 12:40:48", "event": "SAVE_SKIP", "mode": "viewer", "viewer_url": "https://www.yscl.go.kr/viewer/pdf.do?group=bbs&uid=142520", "filename": "의장 업무추진비 사용내역(9월).pdf", "reason": "exists"}
{"ts": "2025-11-01 12:40:49", "event": "SAVE_SKIP", "mode": "viewer", "viewer_url": "https://www.yscl.go.kr/viewer/pdf.do?group=bbs&uid=142521", "filename": "행정건설위원장 업무추진비 사용내역(9월).pdf", "reason": "exists"}
{"ts": "2025-11-01 12:40:49", "event": "DETAIL_DONE", "url": "https://www.yscl.go.kr/kr/councilcostBBSview.do?uid=35C18E2553EFF70FF0AD1407B0A2D33E&schwrd=&flag=all&publish_sch=&page=1&list_style=", "success": false}
{"ts": "2025-11-01 12:40:52", "event": "DETAIL_START", "url": "https://council.gwangjin.go.kr/kr/data/bbs?bbs_id=businesswork&reform=view&uid=645C7106EE1EDB4806BA0E29BEDA701F&list_style=&page=1&flag=&keyword=&search_code=council&filter=latest"}
{"ts": "2025-11-01 12:40:52", "event": "DETAIL_START", "url": "https://council.gwangjin.go.kr/kr/data/bbs?bbs_id=businesswork&reform=view&uid=FBA793CE8C7894E13FAF822599A0C874&list_style=&page=1&flag=&keyword=&search_code=council&filter=latest"}
{"ts": "2025-11-01 12:41:06", "event": "SAVE_SKIP", "mode": "api", "url": "https://council.gwangjin.go.kr/attach/bbs/businesswork/12926667b1ad9734975c8bc7837e3683.pdf", "filename": "12926667b1ad9734975c8bc7837e3683.pdf", "reason": "exists"}
{"ts": "2025-11-01 12:41:06", "event": "SAVE_SKIP", "mode": "api", "url": "https://council.gwangjin.go.kr/attach/bbs/businesswork/22bdebdc9e370564c52ff4eb8ce2a2e1.pdf", "filename": "22bdebdc9e370564c52ff4eb8ce2a2e1.pdf", "reason": "exists"}
{"ts": "2025-11-01 12:41:07", "event": "SAVE_SKIP", "mode": "api", "url": "https://council.gwangjin.go.kr/kr/data/bbs_process?reform=download&bbs_id=businesswork&uid=35260", "filename": "9월_시책추진_업무추진비_집행내역.pdf", "reason": "exists"}
{"ts": "2025-11-01 12:41:07", "event": "SAVE_SKIP", "mode": "api", "url": "https://council.gwangjin.go.kr/kr/data/bbs_process?reform=download&bbs_id=businesswork&uid=35261", "filename": "9월_의회운영업무추진비_집행내역.pdf", "reason": "exists"}
{"ts": "2025-11-01 12:41:07", "event": "DETAIL_DONE", "url": "https://council.gwangjin.go.kr/kr/data/bbs?bbs_id=businesswork&reform=view&uid=645C7106EE1EDB4806BA0E29BEDA701F&list_style=&page=1&flag=&keyword=&search_code=council&filter=latest", "success": false}
{"ts": "2025-11-01 12:41:07", "event": "DETAIL_DONE", "url": "https://council.gwangjin.go.kr/kr/data/bbs?bbs_id=businesswork&reform=view&uid=FBA793CE8C7894E13FAF822599A0C874&list_style=&page=1&flag=&keyword=&search_code=council&filter=latest", "success": false}
{"ts": "2025-11-01 12:45:08", "event": "DETAIL_START", "url": "https://www.ycc.go.kr/kr/news/bbs?bbs_id=business&reform=view&uid=CB089910886EDC1708309C078A717000&list_style=&page=1&flag=&keyword=&search_code=council&filter=latest"}
{"ts": "2025-11-01 12:45:23", "event": "DETAIL_DONE", "url": "https://www.ycc.go.kr/kr/news/bbs?bbs_id=business&reform=view&uid=CB089910886EDC1708309C078A717000&list_style=&page=1&flag=&keyword=&search_code=council&filter=latest", "success": false}
{"ts": "2025-11-01 12:45:29", "event": "DETAIL_START", "url": "https://www.guro.go.kr/www/selectBbsNttView.do?bbsNo=655&nttNo=225801&&pageUnit=10&key=1732&pageIndex=1"}
{"ts": "2025-11-01 12:45:29", "event": "DETAIL_START", "url": "https://www.guro.go.kr/www/selectBbsNttView.do?bbsNo=655&nttNo=225802&&pageUnit=10&key=1732&pageIndex=1"}
{"ts": "2025-11-01 12:45:29", "event": "DETAIL_START", "url": "https://www.guro.go.kr/www/selectBbsNttView.do?bbsNo=655&nttNo=225817&&pageUnit=10&key=1732&pageIndex=1"}
{"ts": "2025-11-01 12:45:29", "event": "DETAIL_START", "url": "https://www.guro.go.kr/www/selectBbsNttView.do?bbsNo=655&nttNo=225800&&pageUnit=10&key=1732&pageIndex=1"}
{"ts": "2025-11-01 12:45:29", "event": "DETAIL_START", "url": "https://www.guro.go.kr/www/selectBbsNttView.do?bbsNo=655&nttNo=225759&&pageUnit=10&key=1732&pageIndex=1"}
{"ts": "2025-11-01 12:45:29", "event": "DETAIL_START", "url": "https://www.guro.go.kr/www/selectBbsNttView.do?bbsNo=655&nttNo=225753&&pageUnit=10&key=1732&pageIndex=1"}
{"ts": "2025-11-01 12:45:29", "event": "DETAIL_START", "url": "https://www.guro.go.kr/www/selectBbsNttView.do?bbsNo=655&nttNo=225412&&pageUnit=10&key=1732&pageIndex=1"}
{"ts": "2025-11-01 12:45:29", "event": "DETAIL_START", "url": "https://www.guro.go.kr/www/selectBbsNttView.do?bbsNo=655&nttNo=225750&&pageUnit=10&key=1732&pageIndex=1"}
{"ts": "2025-11-01 12:45:29", "event": "DETAIL_START", "url": "https://www.guro.go.kr/www/selectBbsNttView.do?bbsNo=655&nttNo=225336&&pageUnit=10&key=1732&pageIndex=1"}
{"ts": "2025-11-01 12:45:29", "event": "DETAIL_START", "url": "https://www.guro.go.kr/www/selectBbsNttView.do?bbsNo=655&nttNo=225808&&pageUnit=10&key=1732&pageIndex=1"}
{"ts": "2025-11-01 12:45:31", "event": "DETAIL_DONE", "url": "https://www.guro.go.kr/www/selectBbsNttView.do?bbsNo=655&nttNo=225801&&pageUnit=10&key=1732&pageIndex=1", "success": false}
{"ts": "2025-11-01 12:45:31", "event": "DETAIL_DONE", "url": "https://www.guro.go.kr/www/selectBbsNttView.do?bbsNo=655&nttNo=225808&&pageUnit=10&key=1732&pageIndex=1", "success": false}
{"ts": "2025-11-01 12:45:32", "event": "DETAIL_DONE", "url": "https://www.guro.go.kr/www/selectBbsNttView.do?bbsNo=655&nttNo=225412&&pageUnit=10&key=1732&pageIndex=1", "success": false}
{"ts": "2025-11-01 12:45:32", "event": "DETAIL_DONE", "url": "https://www.guro.go.kr/www/selectBbsNttView.do?bbsNo=655&nttNo=225759&&pageUnit=10&key=1732&pageIndex=1", "success": false}
{"ts": "2025-11-01 12:45:32", "event": "DETAIL_DONE", "url": "https://www.guro.go.kr/www/selectBbsNttView.do?bbsNo=655&nttNo=225817&&pageUnit=10&key=1732&pageIndex=1", "success": false}
{"ts": "2025-11-01 12:45:33", "event": "DETAIL_DONE", "url": "https://www.guro.go.kr/www/selectBbsNttView.do?bbsNo=655&nttNo=225336&&pageUnit=10&key=1732&pageIndex=1", "success": false}
{"ts": "2025-11-01 12:45:34", "event": "DETAIL_DONE", "url": "https://www.guro.go.kr/www/selectBbsNttView.do?bbsNo=655&nttNo=225800&&pageUnit=10&key=1732&pageIndex=1", "success": false}
{"ts": "2025-11-01 12:45:37", "event": "DETAIL_DONE", "url": "https://www.guro.go.kr/www/selectBbsNttView.do?bbsNo=655&nttNo=225753&&pageUnit=10&key=1732&pageIndex=1", "success": false}
{"ts": "2025-11-01 12:45:37", "event": "DETAIL_DONE", "url": "https://www.guro.go.kr/www/selectBbsNttView.do?bbsNo=655&nttNo=225750&&pageUnit=10&key=1732&pageIndex=1", "success": false}
{"ts": "2025-11-01 12:45:38", "event": "DETAIL_DONE", "url": "https://www.guro.go.kr/www/selectBbsNttView.do?bbsNo=655&nttNo=225802&&pageUnit=10&key=1732&pageIndex=1", "success": false}
{"ts": "2025-11-01 12:45:43", "event": "DETAIL_START", "url": "https://www.geumcheon.go.kr/portal/selectBbsNttView.do?key=269&id=&bbsNo=86&nttNo=262700&searchCtgry=&searchCnd=all&searchKrwd=&pageIndex=1&integrDeptCode=&searchDeptCode="}
{"ts": "2025-11-01 12:45:43", "event": "DETAIL_START", "url": "https://www.geumcheon.go.kr/portal/selectBbsNttView.do?key=269&id=&bbsNo=86&nttNo=262390&searchCtgry=&searchCnd=all&searchKrwd=&pageIndex=1&integrDeptCode=&searchDeptCode="}
{"ts": "2025-11-01 12:45:43", "event": "DETAIL_START", "url": "https://www.geumcheon.go.kr/portal/selectBbsNttView.do?key=269&id=&bbsNo=86&nttNo=262388&searchCtgry=&searchCnd=all&searchKrwd=&pageIndex=1&integrDeptCode=&searchDeptCode="}
{"ts": "2025-11-01 12:45:43", "event": "DETAIL_START", "url": "https://www.geumcheon.go.kr/portal/selectBbsNttView.do?key=269&id=&bbsNo=86&nttNo=262391&searchCtgry=&searchCnd=all&searchKrwd=&pageIndex=1&integrDeptCode=&searchDeptCode="}
{"ts": "2025-11-01 12:45:43", "event": "DETAIL_START", "url": "https://www.geumcheon.go.kr/portal/selectBbsNttView.do?key=269&id=&bbsNo=86&nttNo=262392&searchCtgry=&searchCnd=all&searchKrwd=&pageIndex=1&integrDeptCode=&searchDeptCode="}
{"ts": "2025-11-01 12:45:43", "event": "DETAIL_START", "url": "https://www.geumcheon.go.kr/portal/selectBbsNttView.do?key=269&id=&bbsNo=86&nttNo=262389&searchCtgry=&searchCnd=all&searchKrwd=&pageIndex=1&integrDeptCode=&searchDeptCode="}
{"ts": "2025-11-01 12:45:43", "event": "DETAIL_START", "url": "https://www.geumcheon.go.kr/portal/selectBbsNttView.do?key=269&id=&bbsNo=86&nttNo=262386&searchCtgry=&searchCnd=all&searchKrwd=&pageIndex=1&integrDeptCode=&searchDeptCode="}
{"ts": "2025-11-01 12:45:43", "event": "DETAIL_START", "url": "https://www.geumcheon.go.kr/portal/selectBbsNttView.do?key=269&id=&bbsNo=86&nttNo=262379&searchCtgry=&searchCnd=all&searchKrwd=&pageIndex=1&integrDeptCode=&searchDeptCode="}
{"ts": "2025-11-01 12:45:43", "event": "DETAIL_START", "url": "https://www.geumcheon.go.kr/portal/selectBbsNttView.do?key=269&id=&bbsNo=86&nttNo=262384&searchCtgry=&searchCnd=all&searchKrwd=&pageIndex=1&integrDeptCode=&searchDeptCode="}
{"ts": "2025-11-01 12:45:43", "event": "DETAIL_START", "url": "https://www.geumcheon.go.kr/portal/selectBbsNttView.do?key=269&id=&bbsNo=86&nttNo=262383&searchCtgry=&searchCnd=all&searchKrwd=&pageIndex=1&integrDeptCode=&searchDeptCode="}
{"ts": "2025-11-01 12:45:45", "event": "SAVE_SKIP", "mode": "api", "url": "https://www.geumcheon.go.kr/portal/downloadBbsFileStr.do?atchmnflStr=I59DDi3N3PnXIVsXm1FZMw%3D%3D", "filename": "9 ().pdf", "reason": "exists"}
{"ts": "2025-11-01 12:45:45", "event": "DETAIL_DONE", "url": "https://www.geumcheon.go.kr/portal/selectBbsNttView.do?key=269&id=&bbsNo=86&nttNo=262383&searchCtgry=&searchCnd=all&searchKrwd=&pageIndex=1&integrDeptCode=&searchDeptCode=", "success": false}
{"ts": "2025-11-01 12:45:45", "event": "SAVE_SKIP", "mode": "api", "url": "https://www.geumcheon.go.kr/portal/downloadBbsFileStr.do?atchmnflStr=usnXACoe1z1HpvimVogHUA%3D%3D", "filename": ".hwp.pdf", "reason": "exists"}
{"ts": "2025-11-01 12:45:45", "event": "DETAIL_DONE", "url": "https://www.geumcheon.go.kr/portal/selectBbsNttView.do?key=269&id=&bbsNo=86&nttNo=262700&searchCtgry=&searchCnd=all&searchKrwd=&pageIndex=1&integrDeptCode=&searchDeptCode=", "success": false}
{"ts": "2025-11-01 12:45:45", "event": "SAVE_SKIP", "mode": "api", "url": "https://www.geumcheon.go.kr/portal/downloadBbsFileStr.do?atchmnflStr=aeqftwzHciQjoUSnEquiRA%3D%3D", "filename": "(2025)-_9.pdf", "reason": "exists"}
{"ts": "2025-11-01 12:45:45", "event": "DETAIL_DONE", "url": "https://www.geumcheon.go.kr/portal/selectBbsNttView.do?key=269&id=&bbsNo=86&nttNo=262390&searchCtgry=&searchCnd=all&searchKrwd=&pageIndex=1&integrDeptCode=&searchDeptCode=", "success": false}
{"ts": "2025-11-01 12:45:45", "event": "SAVE_SKIP", "mode": "api", "url": "https://www.geumcheon.go.kr/portal/downloadBbsFileStr.do?atchmnflStr=Aq17CFXqBrGItlXjlSfmgA%3D%3D", "filename": "9 ().pdf", "reason": "exists"}
{"ts": "2025-11-01 12:45:45", "event": "DETAIL_DONE", "url": "https://www.geumcheon.go.kr/portal/selectBbsNttView.do?key=269&id=&bbsNo=86&nttNo=262386&searchCtgry=&searchCnd=all&searchKrwd=&pageIndex=1&integrDeptCode=&searchDeptCode=", "success": false}
{"ts": "2025-11-01 12:45:45", "event": "SAVE_SKIP", "mode": "api", "url": "https://www.geumcheon.go.kr/portal/downloadBbsFileStr.do?atchmnflStr=PxPp3HlMcvN%2B7Wirpc4zNw%3D%3D", "filename": "2025 9 ().pdf", "reason": "exists"}
{"ts": "2025-11-01 12:45:45", "event": "SAVE_SKIP", "mode": "api", "url": "https://www.geumcheon.go.kr/portal/downloadBbsFileStr.do?atchmnflStr=vSOFcgX5axV9SnRnCcxm6A%3D%3D", "filename": "__9.pdf", "reason": "exists"}
{"ts": "2025-11-01 12:45:45", "event": "DETAIL_DONE", "url": "https://www.geumcheon.go.kr/portal/selectBbsNttView.do?key=269&id=&bbsNo=86&nttNo=262379&searchCtgry=&searchCnd=all&searchKrwd=&pageIndex=1&integrDeptCode=&searchDeptCode=", "success": false}
{"ts": "2025-11-01 12:45:45", "event": "DETAIL_DONE", "url": "https://www.geumcheon.go.kr/portal/selectBbsNttView.do?key=269&id=&bbsNo=86&nttNo=262389&searchCtgry=&searchCnd=all&searchKrwd=&pageIndex=1&integrDeptCode=&searchDeptCode=", "success": false}
{"ts": "2025-11-01 12:45:45", "event": "SAVE_SKIP", "mode": "api", "url": "https://www.geumcheon.go.kr/portal/downloadBbsFileStr.do?atchmnflStr=jCbPR6arGA6mJ6XDgTIYVQ%3D%3D", "filename": "(2025 9)_.pdf", "reason": "exists"}
{"ts": "2025-11-01 12:45:45", "event": "SAVE_SKIP", "mode": "api", "url": "https://www.geumcheon.go.kr/portal/downloadBbsFileStr.do?atchmnflStr=%2BMPT%2FDPY6na3M6u2N2fQ5g%3D%3D", "filename": "(1) (,)-2025. 9.pdf", "reason": "exists"}
{"ts": "2025-11-01 12:45:45", "event": "DETAIL_DONE", "url": "https://www.geumcheon.go.kr/portal/selectBbsNttView.do?key=269&id=&bbsNo=86&nttNo=262392&searchCtgry=&searchCnd=all&searchKrwd=&pageIndex=1&integrDeptCode=&searchDeptCode=", "success": false}
{"ts": "2025-11-01 12:45:45", "event": "DETAIL_DONE", "url": "https://www.geumcheon.go.kr/portal/selectBbsNttView.do?key=269&id=&bbsNo=86&nttNo=262388&searchCtgry=&searchCnd=all&searchKrwd=&pageIndex=1&integrDeptCode=&searchDeptCode=", "success": false}
{"ts": "2025-11-01 12:45:45", "event": "SAVE_SKIP", "mode": "api", "url": "https://www.geumcheon.go.kr/portal/downloadBbsFileStr.do?atchmnflStr=bZ2PMNe2a%2BRMac35YspnRg%3D%3D", "filename": "(, 2025. 9).pdf", "reason": "exists"}
{"ts": "2025-11-01 12:45:45", "event": "DETAIL_DONE", "url": "https://www.geumcheon.go.kr/portal/selectBbsNttView.do?key=269&id=&bbsNo=86&nttNo=262384&searchCtgry=&searchCnd=all&searchKrwd=&pageIndex=1&integrDeptCode=&searchDeptCode=", "success": false}
{"ts": "2025-11-01 12:45:45", "event": "SAVE_SKIP", "mode": "api", "url": "https://www.geumcheon.go.kr/portal/downloadBbsFileStr.do?atchmnflStr=B46iGc15fR5uSlpkZl%2F1sQ%3D%3D", "filename": "(2025 9)-.pdf", "reason": "exists"}
{"ts": "2025-11-01 12:45:45", "event": "DETAIL_DONE", "url": "https://www.geumcheon.go.kr/portal/selectBbsNttView.do?key=269&id=&bbsNo=86&nttNo=262391&searchCtgry=&searchCnd=all&searchKrwd=&pageIndex=1&integrDeptCode=&searchDeptCode=", "success": false}
{"ts": "2025-11-01 12:45:50", "event": "DETAIL_START", "url": "https://www.seocho.go.kr/site/seocho/ex/bbs/View.do?cbIdx=33&bcIdx=405184"}
{"ts": "2025-11-01 12:45:50", "event": "DETAIL_START", "url": "https://www.seocho.go.kr/site/seocho/ex/bbs/View.do?cbIdx=33&bcIdx=405199"}
{"ts": "2025-11-01 12:45:50", "event": "DETAIL_START", "url": "https://www.seocho.go.kr/site/seocho/ex/bbs/View.do?cbIdx=33&bcIdx=405204"}
{"ts": "2025-11-01 12:45:50", "event": "DETAIL_START", "url": "https://www.seocho.go.kr/site/seocho/ex/bbs/View.do?cbIdx=33&bcIdx=405205"}
{"ts": "2025-11-01 12:45:50", "event": "DETAIL_START", "url": "https://www.seocho.go.kr/site/seocho/ex/bbs/View.do?cbIdx=33&bcIdx=405055"}
{"ts": "2025-11-01 12:45:50", "event": "DETAIL_START", "url": "https://www.seocho.go.kr/site/seocho/ex/bbs/View.do?cbIdx=33&bcIdx=405167"}
{"ts": "2025-11-01 12:45:50", "event": "DETAIL_START", "url": "https://www.seocho.go.kr/site/seocho/ex/bbs/View.do?cbIdx=33&bcIdx=405091"}
{"ts": "2025-11-01 12:45:50", "event": "DETAIL_START", "url": "https://www.seocho.go.kr/site/seocho/ex/bbs/View.do?cbIdx=33&bcIdx=405043"}
{"ts": "2025-11-01 12:45:50", "event": "DETAIL_START", "url": "https://www.seocho.go.kr/site/seocho/ex/bbs/View.do?cbIdx=33&bcIdx=405130"}
{"ts": "2025-11-01 12:46:23", "event": "SAVE_SKIP", "mode": "api", "url": "https://www.seocho.go.kr/common/board/Download.do?bcIdx=405205&cbIdx=33&streFileNm=20251031171035_1vv17luya7tvt26uddq7ajdldq87tf80.pdf", "filename": "_(2025.10).pdf", "reason": "exists"}
{"ts": "2025-11-01 12:46:23", "event": "DETAIL_DONE", "url": "https://www.seocho.go.kr/site/seocho/ex/bbs/View.do?cbIdx=33&bcIdx=405205", "success": false}
{"ts": "2025-11-01 12:46:23", "event": "SAVE_SKIP", "mode": "api", "url": "https://www.seocho.go.kr/common/board/Download.do?bcIdx=405055&cbIdx=33&streFileNm=20251023152344_rlbiqoitcrn7qj6anvu3xlavotyzeuyf.pdf", "filename": "2025_10____10_().pdf", "reason": "exists"}
{"ts": "2025-11-01 12:46:23", "event": "DETAIL_DONE", "url": "https://www.seocho.go.kr/site/seocho/ex/bbs/View.do?cbIdx=33&bcIdx=405055", "success": false}
{"ts": "2025-11-01 12:46:26", "event": "SAVE_FAIL", "mode": "browser", "url": "https://www.seocho.go.kr/common/board/Download.do?bcIdx=405184&cbIdx=33&streFileNm=20251030193338_1vw79rgmkxzddancvurskua43t3dh2x2.pdf", "reason": "trigger_fail"}
{"ts": "2025-11-01 12:46:26", "event": "DETAIL_DONE", "url": "https://www.seocho.go.kr/site/seocho/ex/bbs/View.do?cbIdx=33&bcIdx=405184", "success": false}
{"ts": "2025-11-01 12:46:31", "event": "SAVE_SKIP", "mode": "api", "url": "https://www.seocho.go.kr/common/board/Download.do?bcIdx=405199&cbIdx=33&streFileNm=20251031142840_86yx3lb8aduk2xloulrsupcyrtxnukfp.pdf", "filename": "2025.10___.pdf", "reason": "exists"}
{"ts": "2025-11-01 12:46:31", "event": "DETAIL_DONE", "url": "https://www.seocho.go.kr/site/seocho/ex/bbs/View.do?cbIdx=33&bcIdx=405199", "success": false}
{"ts": "2025-11-01 12:46:31", "event": "SAVE_SKIP", "mode": "api", "url": "https://www.seocho.go.kr/common/board/Download.do?bcIdx=405167&cbIdx=33&streFileNm=20251030095439_7drjawowabaquupyegtdlvn7o4dcudkb.pdf", "filename": "__(2025_10).pdf", "reason": "exists"}
{"ts": "2025-11-01 12:46:31", "event": "SAVE_SKIP", "mode": "api", "url": "https://www.seocho.go.kr/common/board/Download.do?bcIdx=405130&cbIdx=33&streFileNm=20251028103351_xmqzpaa7xspzfcuzumalunnufrdxcqpk.pdf", "filename": "().pdf", "reason": "exists"}
{"ts": "2025-11-01 12:46:31", "event": "SAVE_SKIP", "mode": "api", "url": "https://www.seocho.go.kr/common/board/Download.do?bcIdx=405043&cbIdx=33&streFileNm=20251023090020_wf3ghvteijdxnmgk5bzl4abm3vcejobd.pdf", "filename": "2025.10_().pdf", "reason": "exists"}
{"ts": "2025-11-01 12:46:31", "event": "DETAIL_DONE", "url": "https://www.seocho.go.kr/site/seocho/ex/bbs/View.do?cbIdx=33&bcIdx=405167", "success": false}
{"ts": "2025-11-01 12:46:31", "event": "DETAIL_DONE", "url": "https://www.seocho.go.kr/site/seocho/ex/bbs/View.do?cbIdx=33&bcIdx=405130", "success": false}
{"ts": "2025-11-01 12:46:31", "event": "DETAIL_DONE", "url": "https://www.seocho.go.kr/site/seocho/ex/bbs/View.do?cbIdx=33&bcIdx=405043", "success": false}
{"ts": "2025-11-01 12:46:37", "event": "DETAIL_START", "url": "https://www.songpa.go.kr/www/selectBbsNttView.do?bbsNo=327&nttNo=19270594&&pageUnit=10&key=2323&pageIndex=1"}
{"ts": "2025-11-01 12:46:37", "event": "DETAIL_START", "url": "https://www.songpa.go.kr/www/selectBbsNttView.do?bbsNo=327&nttNo=19270593&&pageUnit=10&key=2323&pageIndex=1"}
{"ts": "2025-11-01 12:46:37", "event": "DETAIL_START", "url": "https://www.songpa.go.kr/www/selectBbsNttView.do?bbsNo=327&nttNo=19270592&&pageUnit=10&key=2323&pageIndex=1"}
{"ts": "2025-11-01 12:46:37", "event": "DETAIL_START", "url": "https://www.songpa.go.kr/www/selectBbsNttView.do?bbsNo=327&nttNo=19270586&&pageUnit=10&key=2323&pageIndex=1"}
{"ts": "2025-11-01 12:46:37", "event": "DETAIL_START", "url": "https://www.songpa.go.kr/www/selectBbsNttView.do?bbsNo=327&nttNo=19270565&&pageUnit=10&key=2323&pageIndex=1"}
{"ts": "2025-11-01 12:46:37", "event": "DETAIL_START", "url": "https://www.songpa.go.kr/www/selectBbsNttView.do?bbsNo=327&nttNo=19270587&&pageUnit=10&key=2323&pageIndex=1"}
{"ts": "2025-11-01 12:46:37", "event": "DETAIL_START", "url": "https://www.songpa.go.kr/www/selectBbsNttView.do?bbsNo=327&nttNo=19270501&&pageUnit=10&key=2323&pageIndex=1"}
{"ts": "2025-11-01 12:46:37", "event": "DETAIL_START", "url": "https://www.songpa.go.kr/www/selectBbsNttView.do?bbsNo=327&nttNo=19270555&&pageUnit=10&key=2323&pageIndex=1"}
{"ts": "2025-11-01 12:46:37", "event": "DETAIL_START", "url": "https://www.songpa.go.kr/www/selectBbsNttView.do?bbsNo=327&nttNo=19270591&&pageUnit=10&key=2323&pageIndex=1"}
{"ts": "2025-11-01 12:46:37", "event": "DETAIL_START", "url": "https://www.songpa.go.kr/www/selectBbsNttView.do?bbsNo=327&nttNo=19270503&&pageUnit=10&key=2323&pageIndex=1"}
{"ts": "2025-11-01 12:46:38", "event": "DETAIL_DONE", "url": "https://www.songpa.go.kr/www/selectBbsNttView.do?bbsNo=327&nttNo=19270594&&pageUnit=10&key=2323&pageIndex=1", "success": false}
{"ts": "2025-11-01 12:46:39", "event": "DETAIL_DONE", "url": "https://www.songpa.go.kr/www/selectBbsNttView.do?bbsNo=327&nttNo=19270593&&pageUnit=10&key=2323&pageIndex=1", "success": false}
{"ts": "2025-11-01 12:46:39", "event": "DETAIL_DONE", "url": "https://www.songpa.go.kr/www/selectBbsNttView.do?bbsNo=327&nttNo=19270503&&pageUnit=10&key=2323&pageIndex=1", "success": false}
{"ts": "2025-11-01 12:46:39", "event": "DETAIL_DONE", "url": "https://www.songpa.go.kr/www/selectBbsNttView.do?bbsNo=327&nttNo=19270555&&pageUnit=10&key=2323&pageIndex=1", "success": false}
{"ts": "2025-11-01 12:46:39", "event": "DETAIL_DONE", "url": "https://www.songpa.go.kr/www/selectBbsNttView.do?bbsNo=327&nttNo=19270591&&pageUnit=10&key=2323&pageIndex=1", "success": false}
{"ts": "2025-11-01 12:46:39", "event": "DETAIL_DONE", "url": "https://www.songpa.go.kr/www/selectBbsNttView.do?bbsNo=327&nttNo=19270587&&pageUnit=10&key=2323&pageIndex=1", "success": false}
{"ts": "2025-11-01 12:46:39", "event": "DETAIL_DONE", "url": "https://www.songpa.go.kr/www/selectBbsNttView.do?bbsNo=327&nttNo=19270592&&pageUnit=10&key=2323&pageIndex=1", "success": false}
{"ts": "2025-11-01 12:46:39", "event": "DETAIL_DONE", "url": "https://www.songpa.go.kr/www/selectBbsNttView.do?bbsNo=327&nttNo=19270501&&pageUnit=10&key=2323&pageIndex=1", "success": false}
{"ts": "2025-11-01 12:46:40", "event": "DETAIL_DONE", "url": "https://www.songpa.go.kr/www/selectBbsNttView.do?bbsNo=327&nttNo=19270586&&pageUnit=10&key=2323&pageIndex=1", "success": false}
{"ts": "2025-11-01 12:46:40", "event": "DETAIL_DONE", "url": "https://www.songpa.go.kr/www/selectBbsNttView.do?bbsNo=327&nttNo=19270565&&pageUnit=10&key=2323&pageIndex=1", "success": false}
{"ts": "2025-11-01 12:46:43", "event": "DETAIL_START", "url": "https://council.ep.go.kr/kr/costBBSview.do?uid=C07FE958D0757303FA34CBE14299CAB3&schwrd=&flag=all&page=1&list_style="}
{"ts": "2025-11-01 12:46:57", "event": "SAVE_SKIP", "mode": "viewer", "viewer_url": "https://council.ep.go.kr/viewer/pdf.do?group=bbs&uid=54064", "filename": "2025년 9월 의회 업무추진비 등 집행내역.pdf", "reason": "exists"}
{"ts": "2025-11-01 12:46:57", "event": "DETAIL_DONE", "url": "https://council.ep.go.kr/kr/costBBSview.do?uid=C07FE958D0757303FA34CBE14299CAB3&schwrd=&flag=all&page=1&list_style=", "success": false}
{"ts": "2025-11-01 12:47:00", "event": "DETAIL_START", "url": "https://council.jongno.go.kr/council/bbs/BBSMSTR_000000000061/view.do?nttId=28&searchCnd=&searchWrd=&gubun=&delCode=&useAt=&menuNo=401070&sdate=&edate=&deptId=&popupYn=&dept=&dong=&viewType=&categoryId=&applyCode=&petiGubun=&pageIndex=1"}
{"ts": "2025-11-01 12:47:49", "event": "DETAIL_DONE", "url": "https://council.jongno.go.kr/council/bbs/BBSMSTR_000000000061/view.do?nttId=28&searchCnd=&searchWrd=&gubun=&delCode=&useAt=&menuNo=401070&sdate=&edate=&deptId=&popupYn=&dept=&dong=&viewType=&categoryId=&applyCode=&petiGubun=&pageIndex=1", "success": false}
{"ts": "2025-11-01 12:48:28", "event": "DETAIL_START", "url": "https://council.gangbuk.go.kr/kr/costBBSview.do?uid=2FB260CB302B9E2146643B94BA7771FD&schwrd=&flag=all&page=1&list_style="}
{"ts": "2025-11-01 12:48:42", "event": "SAVE_SKIP", "mode": "api", "url": "https://council.gangbuk.go.kr/kr/bbs/download.do?bbs_id=schedule_file&uid=FE5228BB6E849DF846B16C4F6A245419", "filename": "1. 286 .hwp", "reason": "exists"}
{"ts": "2025-11-01 12:48:42", "event": "SAVE_SKIP", "mode": "api", "url": "https://council.gangbuk.go.kr/kr/bbs/download.do?bbs_id=schedule_file&uid=20AB4B65EA8ECFE574C0D6671ED055CB", "filename": "2. 286 .hwp", "reason": "exists"}
{"ts": "2025-11-01 12:48:42", "event": "SAVE_SKIP", "mode": "api", "url": "https://council.gangbuk.go.kr/kr/bbs/download.do?bbs_id=schedule_file&uid=0021C36324B013EF5221912615BC2084", "filename": "3. 286 .hwp", "reason": "exists"}
{"ts": "2025-11-01 12:48:43", "event": "SAVE_SKIP", "mode": "api", "url": "https://council.gangbuk.go.kr/kr/bbs/download.do?bbs_id=schedule_file&uid=323309EC9231D3695147FB252F91934F", "filename": "4. 286 1 .hwp", "reason": "exists"}
{"ts": "2025-11-01 12:48:43", "event": "SAVE_SKIP", "mode": "api", "url": "https://council.gangbuk.go.kr/kr/bbs/download.do?bbs_id=schedule_file&uid=6AE96D0D305E0060ACCA0177A135CEDE", "filename": "(2026 ).hwp", "reason": "exists"}
{"ts": "2025-11-01 12:48:43", "event": "SAVE_SKIP", "mode": "api", "url": "https://council.gangbuk.go.kr/kr/bbs/download.do?bbs_id=schedule_file&uid=4F080FC08610FE37241D5B00E1249DAB", "filename": "5. 286 1 .hwp", "reason": "exists"}
{"ts": "2025-11-01 12:48:44", "event": "SAVE_SKIP", "mode": "api", "url": "https://council.gangbuk.go.kr/kr/bbs/download.do?bbs_id=schedule_file&uid=A027FF778F2ACC1725376FD9C907C866", "filename": "1. 285 ().hwp", "reason": "exists"}
{"ts": "2025-11-01 12:48:44", "event": "SAVE_SKIP", "mode": "api", "url": "https://council.gangbuk.go.kr/kr/bbs/download.do?bbs_id=schedule_file&uid=4704CFCC125F993754365B72C85BEAA7", "filename": "2. 285 ().hwp", "reason": "exists"}
{"ts": "2025-11-01 12:48:44", "event": "SAVE_SKIP", "mode": "api", "url": "https://council.gangbuk.go.kr/kr/bbs/download.do?bbs_id=schedule_file&uid=D2371BE8C61CBD960198F511B1D7D879", "filename": "3. 285 ().hwp", "reason": "exists"}
{"ts": "2025-11-01 12:48:45", "event": "SAVE_SKIP", "mode": "api", "url": "https://council.gangbuk.go.kr/kr/bbs/download.do?bbs_id=schedule_file&uid=4C15F6E67A0C38D1F5A850C95C5565F4", "filename": "4. ().hwp", "reason": "exists"}
{"ts": "2025-11-01 12:48:45", "event": "SAVE_SKIP", "mode": "api", "url": "https://council.gangbuk.go.kr/kr/bbs/download.do?bbs_id=schedule_file&uid=D67A37AA19F75E3D393AA2EA90F07FC8", "filename": "5. (285 ).hwp", "reason": "exists"}
{"ts": "2025-11-01 12:48:45", "event": "SAVE_SKIP", "mode": "api", "url": "https://council.gangbuk.go.kr/kr/bbs/download.do?bbs_id=schedule_file&uid=C6A08DEC6BD321B14557F27BEFF73511", "filename": "1.283 1 .hwp", "reason": "exists"}
{"ts": "2025-11-01 12:48:46", "event": "SAVE_SKIP", "mode": "api", "url": "https://council.gangbuk.go.kr/kr/bbs/download.do?bbs_id=schedule_file&uid=1D215D85C5763591646F439D28F44AAC", "filename": "2.283 1 .hwpx", "reason": "exists"}
{"ts": "2025-11-01 12:48:46", "event": "SAVE_SKIP", "mode": "api", "url": "https://council.gangbuk.go.kr/kr/bbs/download.do?bbs_id=schedule_file&uid=3A4A6EF59BB11E57260579E7674C0BC6", "filename": "3.283 1 .hwp", "reason": "exists"}
{"ts": "2025-11-01 12:48:46", "event": "SAVE_SKIP", "mode": "api", "url": "https://council.gangbuk.go.kr/kr/bbs/download.do?bbs_id=schedule_file&uid=2F056BBCA4C7A390656F1B9249BB2865", "filename": "4.283 1 .hwp", "reason": "exists"}
{"ts": "2025-11-01 12:48:47", "event": "SAVE_SKIP", "mode": "api", "url": "https://council.gangbuk.go.kr/kr/bbs/download.do?bbs_id=schedule_file&uid=58BAD956B88407153442CF799EF50E47", "filename": "5. (2024 ).hwp", "reason": "exists"}
{"ts": "2025-11-01 12:48:47", "event": "SAVE_SKIP", "mode": "api", "url": "https://council.gangbuk.go.kr/kr/bbs/download.do?bbs_id=schedule_file&uid=5EB4638C306311356DA6FB87BAE18BF6", "filename": "2. 282 .hwp", "reason": "exists"}
{"ts": "2025-11-01 12:48:47", "event": "SAVE_SKIP", "mode": "api", "url": "https://council.gangbuk.go.kr/kr/bbs/download.do?bbs_id=schedule_file&uid=6C26FB65DF746239DB348B99F4875D40", "filename": "3. 282 .hwp", "reason": "exists"}
{"ts": "2025-11-01 12:48:48", "event": "SAVE_SKIP", "mode": "api", "url": "https://council.gangbuk.go.kr/kr/bbs/download.do?bbs_id=schedule_file&uid=E9B9AE756D58651AF7BD7EE0C741D50A", "filename": "1. 282 .hwp", "reason": "exists"}
{"ts": "2025-11-01 12:48:48", "event": "DETAIL_DONE", "url": "https://council.gangbuk.go.kr/kr/costBBSview.do?uid=2FB260CB302B9E2146643B94BA7771FD&schwrd=&flag=all&page=1&list_style=", "success": false}
{"ts": "2025-11-01 12:53:21", "event": "DETAIL_START", "url": "https://www.ydp.go.kr/www/selectBbsNttView.do?bbsNo=31&nttNo=406763&&pageUnit=10&key=2814&pageIndex=1"}
{"ts": "2025-11-01 12:53:21", "event": "DETAIL_START", "url": "https://www.ydp.go.kr/www/selectBbsNttView.do?bbsNo=31&nttNo=406765&&pageUnit=10&key=2814&pageIndex=1"}
{"ts": "2025-11-01 12:53:21", "event": "DETAIL_START", "url": "https://www.ydp.go.kr/www/selectBbsNttView.do?bbsNo=31&nttNo=406446&&pageUnit=10&key=2814&pageIndex=1"}
{"ts": "2025-11-01 12:53:21", "event": "DETAIL_START", "url": "https://www.ydp.go.kr/www/selectBbsNttView.do?bbsNo=31&nttNo=406760&&pageUnit=10&key=2814&pageIndex=1"}
{"ts": "2025-11-01 12:53:21", "event": "DETAIL_START", "url": "https://www.ydp.go.kr/www/selectBbsNttView.do?bbsNo=31&nttNo=406706&&pageUnit=10&key=2814&pageIndex=1"}
{"ts": "2025-11-01 12:53:21", "event": "DETAIL_START", "url": "https://www.ydp.go.kr/www/selectBbsNttView.do?bbsNo=31&nttNo=405984&&pageUnit=10&key=2814&pageIndex=1"}
{"ts": "2025-11-01 12:53:21", "event": "DETAIL_START", "url": "https://www.ydp.go.kr/www/selectBbsNttView.do?bbsNo=31&nttNo=405783&&pageUnit=10&key=2814&pageIndex=1"}
{"ts": "2025-11-01 12:53:21", "event": "DETAIL_START", "url": "https://www.ydp.go.kr/www/selectBbsNttView.do?bbsNo=31&nttNo=405775&&pageUnit=10&key=2814&pageIndex=1"}
{"ts": "2025-11-01 12:53:21", "event": "DETAIL_START", "url": "https://www.ydp.go.kr/www/selectBbsNttView.do?bbsNo=31&nttNo=405818&&pageUnit=10&key=2814&pageIndex=1"}
{"ts": "2025-11-01 12:53:53", "event": "API_SAVE_FAIL", "mode": "api", "url": "https://www.ydp.go.kr/www/downloadBbsFileStr.do?bbsNo=31&atchmnflStr=KSEL2ALCBX6ZOXUXSUPELIM2QP47WROCZMW22GCUKGE7CMVYIUNA_AILO", "http_status": 417, "content_type": "text/html; charset=UTF-8", "reason": "mime_block"}
{"ts": "2025-11-01 12:54:13", "event": "API_SAVE_FAIL", "mode": "api", "url": "https://www.ydp.go.kr/www/downloadBbsFileStr.do?bbsNo=31&atchmnflStr=3PID4VH653LSVWDNU35RE32CUCH2JL7XWONLXMAALP5LH2M5ZQUQ_AILO", "http_status": 200, "reason": "exception:TimeoutError"}
{"ts": "2025-11-01 12:54:13", "event": "API_SAVE_FAIL", "mode": "api", "url": "https://www.ydp.go.kr/www/downloadBbsFileStr.do?bbsNo=31&atchmnflStr=E5YNYOAKDZLGTKNEZY3D6QC7ETN4WS6PYR2ZVR6DEBWW7XLE56TQ_AILO", "http_status": 200, "reason": "exception:TimeoutError"}
{"ts": "2025-11-01 12:54:13", "event": "API_SAVE_FAIL", "mode": "api", "url": "https://www.ydp.go.kr/www/downloadBbsFileStr.do?bbsNo=31&atchmnflStr=W5XNUHJINR5UKNHULJPY2UF3EZU4RDPA4OFVNTBFNCHSXBGWCJYA_AILO", "http_status": 200, "reason": "exception:TimeoutError"}
{"ts": "2025-11-01 12:54:13", "event": "API_SAVE_FAIL", "mode": "api", "url": "https://www.ydp.go.kr/www/downloadBbsFileStr.do?bbsNo=31&atchmnflStr=XSKLF2YKHWKJLVP72NKRIOQRAZU4RDPA4OFVNTBFNCHSXBGWCJYA_AILO", "http_status": 200, "reason": "exception:TimeoutError"}
{"ts": "2025-11-01 12:54:39", "event": "API_SAVE_FAIL", "mode": "api", "url": "https://www.ydp.go.kr/www/downloadBbsFileStr.do?bbsNo=31&atchmnflStr=4LTFMMXJH6O2PBX7KSF3W7RFDBOF4NFVXV755JGTA3TIO56D2VPQ_AILO", "http_status": 200, "reason": "exception:TimeoutError"}
{"ts": "2025-11-01 12:54:39", "event": "API_SAVE_FAIL", "mode": "api", "url": "https://www.ydp.go.kr/www/downloadBbsFileStr.do?bbsNo=31&atchmnflStr=TNSOSUAKMUYYAGPAWDPD5I3DD2H2JL7XWONLXMAALP5LH2M5ZQUQ_AILO", "http_status": 200, "reason": "exception:TimeoutError"}
{"ts": "2025-11-01 12:54:58", "event": "API_SAVE_FAIL", "mode": "api", "url": "https://www.ydp.go.kr/www/downloadBbsFileStr.do?bbsNo=31&atchmnflStr=RBKDCWOXROHJ4NTHRUZWNXJ7SPCZFB3REEAMQ5XM7ZK4IUIXQGTQ_AILO", "http_status": 200, "reason": "exception:TimeoutError"}
{"ts": "2025-11-01 12:54:58", "event": "API_SAVE_FAIL", "mode": "api", "url": "https://www.ydp.go.kr/www/downloadBbsFileStr.do?bbsNo=31&atchmnflStr=NMI7IMY2JLYNCMIZGTLRWIGVYJLJ7WNICBSAKLHA6KEEGGCMRVGQ_AILO", "http_status": 200, "reason": "exception:TimeoutError"}
{"ts": "2025-11-01 12:55:01", "event": "DETAIL_START", "url": "https://assembly.dongjak.go.kr/kr/costBBSview.do?uid=036B051E7508EFCE254B6BA65D5B7AF4&schwrd=&flag=all&page=1&list_style="}
{"ts": "2025-11-01 12:55:30", "event": "SAVE_FAIL", "mode": "viewer", "viewer_url": "https://assembly.dongjak.go.kr/viewer/pdf.do?group=bbs&uid=62678", "reason": "exception:TimeoutError"}
{"ts": "2025-11-01 12:55:30", "event": "SAVE_SKIP", "mode": "viewer", "viewer_url": "https://assembly.dongjak.go.kr/viewer/pdf.do?group=bbs&uid=62678", "filename": "9월_의장단 업무추진비 집행내역_수합_.pdf", "reason": "exists"}
{"ts": "2025-11-01 12:55:30", "event": "DETAIL_DONE", "url": "https://assembly.dongjak.go.kr/kr/costBBSview.do?uid=036B051E7508EFCE254B6BA65D5B7AF4&schwrd=&flag=all&page=1&list_style=", "success": true, "reason": "exists_only"}
{"ts": "2025-11-01 12:55:38", "event": "DETAIL_START", "url": "https://www.ddm.go.kr/www/selectBbsNttView.do?key=565&bbsNo=160&nttNo=178125&searchCtgry=&searchCnd=all&searchKrwd=&integrDeptCode=&pageIndex=1"}
{"ts": "2025-11-01 12:55:38", "event": "DETAIL_START", "url": "https://www.ddm.go.kr/www/selectBbsNttView.do?key=565&bbsNo=160&nttNo=177639&searchCtgry=&searchCnd=all&searchKrwd=&integrDeptCode=&pageIndex=1"}
{"ts": "2025-11-01 12:55:39", "event": "DETAIL_START", "url": "https://www.ddm.go.kr/www/selectBbsNttView.do?key=565&bbsNo=160&nttNo=177642&searchCtgry=&searchCnd=all&searchKrwd=&integrDeptCode=&pageIndex=1"}
{"ts": "2025-11-01 12:55:39", "event": "DETAIL_START", "url": "https://www.ddm.go.kr/www/selectBbsNttView.do?key=565&bbsNo=160&nttNo=178061&searchCtgry=&searchCnd=all&searchKrwd=&integrDeptCode=&pageIndex=1"}
{"ts": "2025-11-01 12:55:39", "event": "DETAIL_START", "url": "https://www.ddm.go.kr/www/selectBbsNttView.do?key=565&bbsNo=160&nttNo=177719&searchCtgry=&searchCnd=all&searchKrwd=&integrDeptCode=&pageIndex=1"}
{"ts": "2025-11-01 12:55:39", "event": "DETAIL_START", "url": "https://www.ddm.go.kr/www/selectBbsNttView.do?key=565&bbsNo=160&nttNo=177636&searchCtgry=&searchCnd=all&searchKrwd=&integrDeptCode=&pageIndex=1"}
{"ts": "2025-11-01 12:55:39", "event": "DETAIL_START", "url": "https://www.ddm.go.kr/www/selectBbsNttView.do?key=565&bbsNo=160&nttNo=177644&searchCtgry=&searchCnd=all&searchKrwd=&integrDeptCode=&pageIndex=1"}
{"ts": "2025-11-01 12:55:39", "event": "DETAIL_START", "url": "https://www.ddm.go.kr/www/selectBbsNttView.do?key=565&bbsNo=160&nttNo=177687&searchCtgry=&searchCnd=all&searchKrwd=&integrDeptCode=&pageIndex=1"}
{"ts": "2025-11-01 12:55:39", "event": "DETAIL_START", "url": "https://www.ddm.go.kr/www/selectBbsNttView.do?key=565&bbsNo=160&nttNo=177724&searchCtgry=&searchCnd=all&searchKrwd=&integrDeptCode=&pageIndex=1"}
{"ts": "2025-11-01 12:55:39", "event": "DETAIL_START", "url": "https://www.ddm.go.kr/www/selectBbsNttView.do?key=565&bbsNo=160&nttNo=177841&searchCtgry=&searchCnd=all&searchKrwd=&integrDeptCode=&pageIndex=1"}
{"ts": "2025-11-01 12:55:41", "event": "DETAIL_DONE", "url": "https://www.ddm.go.kr/www/selectBbsNttView.do?key=565&bbsNo=160&nttNo=177639&searchCtgry=&searchCnd=all&searchKrwd=&integrDeptCode=&pageIndex=1", "success": false}
{"ts": "2025-11-01 12:55:41", "event": "DETAIL_DONE", "url": "https://www.ddm.go.kr/www/selectBbsNttView.do?key=565&bbsNo=160&nttNo=177642&searchCtgry=&searchCnd=all&searchKrwd=&integrDeptCode=&pageIndex=1", "success": false}
{"ts": "2025-11-01 12:55:41", "event": "DETAIL_DONE", "url": "https://www.ddm.go.kr/www/selectBbsNttView.do?key=565&bbsNo=160&nttNo=178061&searchCtgry=&searchCnd=all&searchKrwd=&integrDeptCode=&pageIndex=1", "success": false}
{"ts": "2025-11-01 12:55:41", "event": "DETAIL_DONE", "url": "https://www.ddm.go.kr/www/selectBbsNttView.do?key=565&bbsNo=160&nttNo=177724&searchCtgry=&searchCnd=all&searchKrwd=&integrDeptCode=&pageIndex=1", "success": false}
{"ts": "2025-11-01 12:55:42", "event": "DETAIL_DONE", "url": "https://www.ddm.go.kr/www/selectBbsNttView.do?key=565&bbsNo=160&nttNo=178125&searchCtgry=&searchCnd=all&searchKrwd=&integrDeptCode=&pageIndex=1", "success": false}
{"ts": "2025-11-01 12:55:43", "event": "DETAIL_DONE", "url": "https://www.ddm.go.kr/www/selectBbsNttView.do?key=565&bbsNo=160&nttNo=177644&searchCtgry=&searchCnd=all&searchKrwd=&integrDeptCode=&pageIndex=1", "success": false}
{"ts": "2025-11-01 12:55:43", "event": "DETAIL_DONE", "url": "https://www.ddm.go.kr/www/selectBbsNttView.do?key=565&bbsNo=160&nttNo=177687&searchCtgry=&searchCnd=all&searchKrwd=&integrDeptCode=&pageIndex=1", "success": false}
{"ts": "2025-11-01 12:55:44", "event": "DETAIL_DONE", "url": "https://www.ddm.go.kr/www/selectBbsNttView.do?key=565&bbsNo=160&nttNo=177841&searchCtgry=&searchCnd=all&searchKrwd=&integrDeptCode=&pageIndex=1", "success": false}
{"ts": "2025-11-01 12:55:44", "event": "DETAIL_DONE", "url": "https://www.ddm.go.kr/www/selectBbsNttView.do?key=565&bbsNo=160&nttNo=177636&searchCtgry=&searchCnd=all&searchKrwd=&integrDeptCode=&pageIndex=1", "success": false}
{"ts": "2025-11-01 12:55:45", "event": "DETAIL_DONE", "url": "https://www.ddm.go.kr/www/selectBbsNttView.do?key=565&bbsNo=160&nttNo=177719&searchCtgry=&searchCnd=all&searchKrwd=&integrDeptCode=&pageIndex=1", "success": false}
{"ts": "2025-11-01 12:55:48", "event": "DETAIL_START", "url": "https://www.yscl.go.kr/kr/councilcostBBSview.do?uid=35C18E2553EFF70FF0AD1407B0A2D33E&schwrd=&flag=all&publish_sch=&page=1&list_style="}
{"ts": "2025-11-01 12:56:02", "event": "SAVE_SKIP", "mode": "viewer", "viewer_url": "https://www.yscl.go.kr/viewer/pdf.do?group=bbs&uid=142515", "filename": "교섭단체 대표의원(더불어민주당) 업무추진비 사용내역-9월.pdf", "reason": "exists"}
{"ts": "2025-11-01 12:56:03", "event": "SAVE_SKIP", "mode": "viewer", "viewer_url": "https://www.yscl.go.kr/viewer/pdf.do?group=bbs&uid=142516", "filename": "교섭단체대표의원(국민의힘) 업무추진비 사용내역-9월.pdf", "reason": "exists"}
{"ts": "2025-11-01 12:56:03", "event": "SAVE_SKIP", "mode": "viewer", "viewer_url": "https://www.yscl.go.kr/viewer/pdf.do?group=bbs&uid=142517", "filename": "복지도시위원장 업무추진비 사용내역(9월).pdf", "reason": "exists"}
{"ts": "2025-11-01 12:56:04", "event": "SAVE_SKIP", "mode": "viewer", "viewer_url": "https://www.yscl.go.kr/viewer/pdf.do?group=bbs&uid=142518", "filename": "부의장 업무추진비 사용내역(9월).pdf", "reason": "exists"}
{"ts": "2025-11-01 12:56:05", "event": "SAVE_SKIP", "mode": "viewer", "viewer_url": "https://www.yscl.go.kr/viewer/pdf.do?group=bbs&uid=142519", "filename": "운영위원장 업무추진비 사용내역(9월).pdf", "reason": "exists"}
{"ts": "2025-11-01 12:56:07", "event": "SAVE_SKIP", "mode": "viewer", "viewer_url": "https://www.yscl.go.kr/viewer/pdf.do?group=bbs&uid=142520", "filename": "의장 업무추진비 사용내역(9월).pdf", "reason": "exists"}
{"ts": "2025-11-01 12:56:08", "event": "SAVE_SKIP", "mode": "viewer", "viewer_url": "https://www.yscl.go.kr/viewer/pdf.do?group=bbs&uid=142521", "filename": "행정건설위원장 업무추진비 사용내역(9월).pdf", "reason": "exists"}
{"ts": "2025-11-01 12:56:08", "event": "DETAIL_DONE", "url": "https://www.yscl.go.kr/kr/councilcostBBSview.do?uid=35C18E2553EFF70FF0AD1407B0A2D33E&schwrd=&flag=all&publish_sch=&page=1&list_style=", "success": false}
